<?xml version="1.0" encoding="UTF-8"?>
<!-- Generated by org.testng.reporters.JUnitReportReporter -->
<testsuite hostname="fv-az39-138" failures="0" tests="2" name="runner.TestRunner" time="4.605" errors="0" timestamp="2021-06-06T18:50:57 UTC" skipped="0">
  <testcase classname="runner.TestRunner" name="runScenario" time="1.094"/>
  <system-out/>
  <testcase classname="runner.TestRunner" name="runScenario" time="3.511"/>
  <system-out/>
</testsuite> <!-- runner.TestRunner -->
