<?xml version="1.0" encoding="UTF-8"?>
<!-- Generated by org.testng.reporters.JUnitReportReporter -->
<testsuite hostname="fv-az77-495" failures="0" tests="2" name="runner.TestRunner" time="10.889" errors="0" timestamp="2021-06-06T18:49:02 UTC" skipped="0">
  <testcase classname="runner.TestRunner" name="runScenario" time="0.886"/>
  <system-out/>
  <testcase classname="runner.TestRunner" name="runScenario" time="10.003"/>
  <system-out/>
</testsuite> <!-- runner.TestRunner -->
